=== START ERROR: WARNING ===
Unique ID: ONLINE/ISSUES/ONELINER/ICT-7934/2017-01-23T22:19:01.234Z
@timestamp: 2017-01-23T22:19:01.234Z
Path: ONLINE/ISSUES/ONELINER/ICT-7934
Priority: WARNING
Body: {u'origin': u'APE1', u'StackLevel': u'0', u'SourceObject': u'ACACORR/CDPMIF/MASTER', u'Context': u'', u'Thread': u'ID=140661917112064', u'Process': u'ACACORR/CDPMIF/cppContainer', u'text': u'The total number of senders is 60 which should be 64. And gave up eventually. FILE[ACACDPMIFImpl.cpp] LINE[352]', u'@timestamp': u'2017-01-23T22:19:01.234Z', u'LogLevel': u'Error', u'Host': u'coj-cpm-1', u'StackId': u'', u'File': u'ACACDPMIFImpl.cpp', u'Routine': u'', u'Line': u'352'}
=== END ERROR ===
=== START ERROR: WARNING ===
Unique ID: ONLINE/ISSUES/ONELINER/ICT-7918/2017-01-28T15:05:11.657Z
@timestamp: 2017-01-28T15:05:11.657Z
Path: ONLINE/ISSUES/ONELINER/ICT-7918
Priority: WARNING
Body: {u'origin': u'APE1', u'StackLevel': u'0', u'SourceObject': u'CORR/CDP_MASTER', u'Context': u'', u'Thread': u'ORBTask', u'Process': u'CORR/CDPMaster/cppContainer', u'text': u'startSubscanSequence handling unexpected exception (sa=Array011)', u'@timestamp': u'2017-01-28T15:05:11.657Z', u'LogLevel': u'Error', u'Host': u'cob-cdpm-b', u'StackId': u'', u'File': u'MasterImpl.cpp', u'Routine': u'', u'Line': u'630'}
=== END ERROR ===
=== START ERROR: WARNING ===
Unique ID: ONLINE/ISSUES/MULTILINER/ICT-9048/2017-01-07T20:13:35.322Z
@timestamp: 2017-01-07T20:13:35.322Z
Path: ONLINE/ISSUES/MULTILINER/ICT-9048
Priority: WARNING
Body: [{u'origin': u'AOS64', u'SourceObject': u'CORR/CDPMaster/cppContainer-GL', u'Context': u'', u'Thread': u'ORBTask', u'Process': u'CORR/CDPMaster/cppContainer', u'text': u'antennas in sub-array (sa/sai/n=Array006/0/15 DA44/29 DA46/27 DA47/45 DA48/20 DA49/42 DA50/6 DA54/49 DA55/51 DA57/36 DA59/50 DA60/60 DA62/15 DA63/59 DA64/40 DA65/9)', u'@timestamp': u'2017-01-07T20:13:35.322Z', u'LogLevel': u'Debug', u'Host': u'cob-cdpm-b', u'File': u'ArrayThread.cpp', u'Routine': u'', u'Line': u'995', u'name': u'CDPMaster'}, {u'origin': u'AOS64', u'SourceObject': u'CORR/CDPMaster/cppContainer-GL', u'Context': u'', u'Thread': u'', u'Process': u'CORR/CDPMaster/cppContainer', u'text': u'bdf started (sa/sai/idx/iid/st/setup/dur/ints/bytes=Array006/0/0/1/2017-01-07T20:13:41.040/50400000/1804800000/188/182611269)', u'@timestamp': u'2017-01-07T20:13:42.176Z', u'LogLevel': u'Info', u'Host': u'cob-cdpm-b', u'File': u'ArrayThread.cpp', u'Routine': u'', u'Line': u'4181', u'name': u'CDPMaster'}, {u'origin': u'AOS64', u'SourceObject': u'CORR/CDPMaster/cppContainer-GL', u'Context': u'', u'Thread': u'ORBTask', u'Process': u'CORR/CDPMaster/cppContainer', u'text': u'antennas in sub-array (sa/sai/n=Array007/1/20 DA42/8 DV02/54 DV04/18 DV06/28 DV07/26 DV08/11 DV09/55 DV10/21 DV11/48 DV12/58 DV13/12 DV14/35 DV15/37 DV16/25 DV18/0 DV19/24 DV20/10 DV23/16 DV24/47 DV25/53)', u'@timestamp': u'2017-01-07T20:14:31.047Z', u'LogLevel': u'Debug', u'Host': u'cob-cdpm-b', u'File': u'ArrayThread.cpp', u'Routine': u'', u'Line': u'995', u'name': u'CDPMaster'}, {u'origin': u'AOS64', u'SourceObject': u'CORR/CDPMaster/cppContainer-GL', u'Context': u'', u'Thread': u'', u'Process': u'CORR/CDPMaster/cppContainer', u'text': u'bdf started (sa/sai/idx/iid/st/setup/dur/ints/bytes=Array007/1/0/1/2017-01-07T20:14:36.768/50400000/307200000/32/55133451)', u'@timestamp': u'2017-01-07T20:14:37.966Z', u'LogLevel': u'Info', u'Host': u'cob-cdpm-b', u'File': u'ArrayThread.cpp', u'Routine': u'', u'Line': u'4181', u'name': u'CDPMaster'}, {u'origin': u'AOS64', u'SourceObject': u'CORR/CDPMaster/cppContainer-GL', u'Context': u'', u'Thread': u'', u'Process': u'CORR/CDPMaster/cppContainer', u'text': u'Exception thrown at ArrayThread.cpp:3930 - while splitting off imhs ran into invalid start time (st/bptr/bsize/size=2017-01-07T20:13:39.107/0x7fac64052608/56952/2)', u'@timestamp': u'2017-01-07T20:14:37.967Z', u'LogLevel': u'Debug', u'Host': u'cob-cdpm-b', u'File': u'ArrayThread.cpp', u'Routine': u'', u'Line': u'3930', u'name': u'CDPMaster'}]
=== END ERROR ===
=== START ERROR: WARNING ===
Unique ID: ONLINE/ISSUES/MULTILINER/ICT-9048/2017-01-07T20:14:31.047Z
@timestamp: 2017-01-07T20:14:31.047Z
Path: ONLINE/ISSUES/MULTILINER/ICT-9048
Priority: WARNING
Body: [{u'origin': u'AOS64', u'SourceObject': u'CORR/CDPMaster/cppContainer-GL', u'Context': u'', u'Thread': u'ORBTask', u'Process': u'CORR/CDPMaster/cppContainer', u'text': u'antennas in sub-array (sa/sai/n=Array007/1/20 DA42/8 DV02/54 DV04/18 DV06/28 DV07/26 DV08/11 DV09/55 DV10/21 DV11/48 DV12/58 DV13/12 DV14/35 DV15/37 DV16/25 DV18/0 DV19/24 DV20/10 DV23/16 DV24/47 DV25/53)', u'@timestamp': u'2017-01-07T20:14:31.047Z', u'LogLevel': u'Debug', u'Host': u'cob-cdpm-b', u'File': u'ArrayThread.cpp', u'Routine': u'', u'Line': u'995', u'name': u'CDPMaster'}, {u'origin': u'AOS64', u'SourceObject': u'CORR/CDPMaster/cppContainer-GL', u'Context': u'', u'Thread': u'', u'Process': u'CORR/CDPMaster/cppContainer', u'text': u'bdf started (sa/sai/idx/iid/st/setup/dur/ints/bytes=Array007/1/0/1/2017-01-07T20:14:36.768/50400000/307200000/32/55133451)', u'@timestamp': u'2017-01-07T20:14:37.966Z', u'LogLevel': u'Info', u'Host': u'cob-cdpm-b', u'File': u'ArrayThread.cpp', u'Routine': u'', u'Line': u'4181', u'name': u'CDPMaster'}, {u'origin': u'AOS64', u'SourceObject': u'CORR/CDPMaster/cppContainer-GL', u'Context': u'', u'Thread': u'', u'Process': u'CORR/CDPMaster/cppContainer', u'text': u'Exception thrown at ArrayThread.cpp:3930 - while splitting off imhs ran into invalid start time (st/bptr/bsize/size=2017-01-07T20:13:39.107/0x7fac64052608/56952/2)', u'@timestamp': u'2017-01-07T20:14:37.967Z', u'LogLevel': u'Debug', u'Host': u'cob-cdpm-b', u'File': u'ArrayThread.cpp', u'Routine': u'', u'Line': u'3930', u'name': u'CDPMaster'}]
=== END ERROR ===
=== START ERROR: WARNING ===
Unique ID: ONLINE/ISSUES/MULTILINER/BDFRAMEACKSTARTSEND/2016-12-12T23:16:41.447Z
@timestamp: 2016-12-12T23:16:41.447Z
Path: ONLINE/ISSUES/MULTILINER/BDFRAMEACKSTARTSEND
Priority: WARNING
Body: [{u'origin': u'AOS64', u'StackLevel': u'0', u'SourceObject': u'CONTROL/ACC/TOTALPOWER/cppContainer-GL', u'Context': u'', u'Thread': u'DataCollector_uid://A002/Xbbadbe/X822', u'Process': u'CONTROL/ACC/TOTALPOWER/cppContainer', u'text': u'BD Frame Ack Timeout (type=57, code=19)', u'@timestamp': u'2016-12-12T23:16:41.447Z', u'LogLevel': u'Error', u'seconds': 0.0, u'Host': u'', u'StackId': u'0a3ed78e-c0c1-11e6-8000-0025b5fa101a', u'File': u'bulkDataNTSenderFlow.cpp', u'Routine': u'void AcsBulkdata::BulkDataNTSenderFlow::writeFrame(ACSBulkData::DataType, const unsigned char*, size_t, unsigned int, bool)', u'Line': u'463', u'Data': [{u'text': u'TotalPowerStream5', u'Name': u'SenderName'}, {u'text': u'TotalPowerDataFlow', u'Name': u'FlowName'}, {u'text': u'10', u'Name': u'Timeout'}]}, {u'origin': u'AOS64', u'StackLevel': u'1', u'SourceObject': u'CONTROL/ACC/TOTALPOWER/cppContainer-GL', u'Context': u'', u'Thread': u'DataCollector_uid://A002/Xbbadbe/X822', u'Process': u'CONTROL/ACC/TOTALPOWER/cppContainer', u'text': u'startSend error (type=57, code=16)', u'@timestamp': u'2016-12-12T23:16:41.447Z', u'LogLevel': u'Error', u'seconds': 0.0, u'Host': u'gas07', u'StackId': u'0a3ed78e-c0c1-11e6-8000-0025b5fa101a', u'File': u'bulkDataNTSenderFlow.cpp', u'Routine': u'startSend', u'Line': u'256', u'Data': [{u'text': u'TotalPowerStream5', u'Name': u'SenderName'}, {u'text': u'TotalPowerDataFlow', u'Name': u'FlowName'}]}, {u'origin': u'AOS64', u'StackLevel': u'0', u'SourceObject': u'CONTROL/ACC/TOTALPOWER/cppContainer-GL', u'Context': u'', u'Thread': u'DataCollector_uid://A002/Xbbadbe/X822', u'Process': u'CONTROL/ACC/TOTALPOWER/cppContainer', u'text': u'General bulkdata error (type=10600, code=8)', u'@timestamp': u'2016-12-12T23:16:41.452Z', u'LogLevel': u'Error', u'seconds': 0.005, u'Host': u'', u'StackId': u'0a3f534e-c0c1-11e6-8000-0025b5fa101a', u'File': u'TotalPowerSender.cpp', u'Routine': u'void TotalPowerSender::startSend(const char*, size_t)', u'Line': u'67', u'Data': {u'text': u'failed to start flow transference (TotalPowerStream5/TotalPowerDataFlow)', u'Name': u'Reason'}}, {u'origin': u'AOS64', u'StackLevel': u'0', u'SourceObject': u'CONTROL/Array009/TotalPowerProcessor', u'Context': u'', u'Thread': u'DataCollector_uid://A002/Xbbadbe/X822', u'Process': u'CONTROL/ACC/TOTALPOWER/cppContainer', u'text': u'bulk data error caught!', u'@timestamp': u'2016-12-12T23:16:41.452Z', u'LogLevel': u'Error', u'seconds': 0.0, u'Host': u'', u'StackId': u'', u'File': u'DataCollector.cpp', u'Routine': u'', u'Line': u'368'}]
=== END ERROR ===
=== START ERROR: WARNING ===
Unique ID: ONLINE/ISSUES/MULTILINER/BDFRAMEACKSTARTSEND/2017-01-25T17:28:17.328Z
@timestamp: 2017-01-25T17:28:17.328Z
Path: ONLINE/ISSUES/MULTILINER/BDFRAMEACKSTARTSEND
Priority: WARNING
Body: [{u'origin': u'APE1', u'StackLevel': u'0', u'SourceObject': u'CONTROL/ACC/TOTALPOWER/cppContainer-GL', u'Context': u'', u'Thread': u'DataCollector_uid://A002/Xbd1441/X244', u'Process': u'CONTROL/ACC/TOTALPOWER/cppContainer', u'text': u'BD Frame Ack Timeout (type=57, code=19)', u'@timestamp': u'2017-01-25T17:28:17.328Z', u'LogLevel': u'Error', u'seconds': 0.0, u'Host': u'', u'StackId': u'a89864fc-e323-11e6-8000-0025b5fa1108', u'File': u'bulkDataNTSenderFlow.cpp', u'Routine': u'void AcsBulkdata::BulkDataNTSenderFlow::writeFrame(ACSBulkData::DataType, const unsigned char*, size_t, unsigned int, bool)', u'Line': u'463', u'Data': [{u'text': u'TotalPowerStream5', u'Name': u'SenderName'}, {u'text': u'TotalPowerDataFlow', u'Name': u'FlowName'}, {u'text': u'10', u'Name': u'Timeout'}]}, {u'origin': u'APE1', u'StackLevel': u'1', u'SourceObject': u'CONTROL/ACC/TOTALPOWER/cppContainer-GL', u'Context': u'', u'Thread': u'DataCollector_uid://A002/Xbd1441/X244', u'Process': u'CONTROL/ACC/TOTALPOWER/cppContainer', u'text': u'startSend error (type=57, code=16)', u'@timestamp': u'2017-01-25T17:28:17.328Z', u'LogLevel': u'Error', u'seconds': 0.0, u'Host': u'gas07', u'StackId': u'a89864fc-e323-11e6-8000-0025b5fa1108', u'File': u'bulkDataNTSenderFlow.cpp', u'Routine': u'startSend', u'Line': u'256', u'Data': [{u'text': u'TotalPowerStream5', u'Name': u'SenderName'}, {u'text': u'TotalPowerDataFlow', u'Name': u'FlowName'}]}, {u'origin': u'APE1', u'StackLevel': u'0', u'SourceObject': u'CONTROL/ACC/TOTALPOWER/cppContainer-GL', u'Context': u'', u'Thread': u'DataCollector_uid://A002/Xbd1441/X244', u'Process': u'CONTROL/ACC/TOTALPOWER/cppContainer', u'text': u'General bulkdata error (type=10600, code=8)', u'@timestamp': u'2017-01-25T17:28:17.331Z', u'LogLevel': u'Error', u'seconds': 0.003, u'Host': u'', u'StackId': u'a898bba0-e323-11e6-8000-0025b5fa1108', u'File': u'TotalPowerSender.cpp', u'Routine': u'void TotalPowerSender::startSend(const char*, size_t)', u'Line': u'67', u'Data': {u'text': u'failed to start flow transference (TotalPowerStream5/TotalPowerDataFlow)', u'Name': u'Reason'}}, {u'origin': u'APE1', u'StackLevel': u'0', u'SourceObject': u'CONTROL/Array008/TotalPowerProcessor', u'Context': u'', u'Thread': u'DataCollector_uid://A002/Xbd1441/X244', u'Process': u'CONTROL/ACC/TOTALPOWER/cppContainer', u'text': u'bulk data error caught!', u'@timestamp': u'2017-01-25T17:28:17.332Z', u'LogLevel': u'Error', u'seconds': 0.001, u'Host': u'', u'StackId': u'', u'File': u'DataCollector.cpp', u'Routine': u'', u'Line': u'368'}]
=== END ERROR ===
=== START ERROR: WARNING ===
Unique ID: ONLINE/ISSUES/MULTILINER/BDFRAMEACKSTARTSEND/2017-01-25T17:47:12.513Z
@timestamp: 2017-01-25T17:47:12.513Z
Path: ONLINE/ISSUES/MULTILINER/BDFRAMEACKSTARTSEND
Priority: WARNING
Body: [{u'origin': u'APE1', u'StackLevel': u'0', u'SourceObject': u'CONTROL/ACC/TOTALPOWER/cppContainer-GL', u'Context': u'', u'Thread': u'DataCollector_uid://A002/Xbd1441/X252', u'Process': u'CONTROL/ACC/TOTALPOWER/cppContainer', u'text': u'BD Frame Ack Timeout (type=57, code=19)', u'@timestamp': u'2017-01-25T17:47:12.513Z', u'LogLevel': u'Error', u'seconds': 0.0, u'Host': u'', u'StackId': u'4d37b6dc-e326-11e6-8000-0025b5fa1108', u'File': u'bulkDataNTSenderFlow.cpp', u'Routine': u'void AcsBulkdata::BulkDataNTSenderFlow::writeFrame(ACSBulkData::DataType, const unsigned char*, size_t, unsigned int, bool)', u'Line': u'463', u'Data': [{u'text': u'TotalPowerStream5', u'Name': u'SenderName'}, {u'text': u'TotalPowerDataFlow', u'Name': u'FlowName'}, {u'text': u'10', u'Name': u'Timeout'}]}, {u'origin': u'APE1', u'StackLevel': u'1', u'SourceObject': u'CONTROL/ACC/TOTALPOWER/cppContainer-GL', u'Context': u'', u'Thread': u'DataCollector_uid://A002/Xbd1441/X252', u'Process': u'CONTROL/ACC/TOTALPOWER/cppContainer', u'text': u'startSend error (type=57, code=16)', u'@timestamp': u'2017-01-25T17:47:12.513Z', u'LogLevel': u'Error', u'seconds': 0.0, u'Host': u'gas07', u'StackId': u'4d37b6dc-e326-11e6-8000-0025b5fa1108', u'File': u'bulkDataNTSenderFlow.cpp', u'Routine': u'startSend', u'Line': u'256', u'Data': [{u'text': u'TotalPowerStream5', u'Name': u'SenderName'}, {u'text': u'TotalPowerDataFlow', u'Name': u'FlowName'}]}, {u'origin': u'APE1', u'StackLevel': u'0', u'SourceObject': u'CONTROL/ACC/TOTALPOWER/cppContainer-GL', u'Context': u'', u'Thread': u'DataCollector_uid://A002/Xbd1441/X252', u'Process': u'CONTROL/ACC/TOTALPOWER/cppContainer', u'text': u'General bulkdata error (type=10600, code=8)', u'@timestamp': u'2017-01-25T17:47:12.515Z', u'LogLevel': u'Error', u'seconds': 0.002, u'Host': u'', u'StackId': u'4d38048e-e326-11e6-8000-0025b5fa1108', u'File': u'TotalPowerSender.cpp', u'Routine': u'void TotalPowerSender::startSend(const char*, size_t)', u'Line': u'67', u'Data': {u'text': u'failed to start flow transference (TotalPowerStream5/TotalPowerDataFlow)', u'Name': u'Reason'}}, {u'origin': u'APE1', u'StackLevel': u'0', u'SourceObject': u'CONTROL/Array010/TotalPowerProcessor', u'Context': u'', u'Thread': u'DataCollector_uid://A002/Xbd1441/X252', u'Process': u'CONTROL/ACC/TOTALPOWER/cppContainer', u'text': u'bulk data error caught!', u'@timestamp': u'2017-01-25T17:47:12.516Z', u'LogLevel': u'Error', u'seconds': 0.001, u'Host': u'', u'StackId': u'', u'File': u'DataCollector.cpp', u'Routine': u'', u'Line': u'368'}]
=== END ERROR ===
